<?xml version="1.0" encoding="UTF-8"?>
<robot generator="Robot 6.1.1 (Python 3.12.1 on darwin)" generated="20240115 14:54:56.062" rpa="false" schemaversion="4">
<suite id="s1" name="Test Production Reports" source="/Users/changgeng.zhang/workspace/pay_trial/Robot_Data_Integration_Synchronization_Project/tests/wantit/test_production_reports.robot">
<test id="s1-t1" name="Main Test" line="16">
<kw name="Run Keyword" library="BuiltIn">
<arg>Login Test</arg>
<doc>Executes the given keyword with the given arguments.</doc>
<kw name="Login Test" library="test_login">
<kw name="Open Browser" library="SeleniumLibrary">
<arg>${LOCAL_TEST}</arg>
<arg>${BROWSER}</arg>
<doc>Opens a new browser instance to the optional ``url``.</doc>
<msg timestamp="20240115 14:54:56.882" level="INFO">Opening browser 'chrome' to base url 'http://150.158.223.236:8088/staff/cookieLogin.action'.</msg>
<status status="PASS" starttime="20240115 14:54:56.882" endtime="20240115 14:55:02.014"/>
</kw>
<kw name="Maximize Browser Window" library="SeleniumLibrary">
<doc>Maximizes current browser window.</doc>
<status status="PASS" starttime="20240115 14:55:02.015" endtime="20240115 14:55:02.482"/>
</kw>
<kw name="Input Username" library="login_keywords">
<arg>${USER_NAME}</arg>
<kw name="Input Text" library="SeleniumLibrary">
<arg>xpath=//*[@id="netWorkId-inputEl"]</arg>
<arg>${username}</arg>
<doc>Types the given ``text`` into the text field identified by ``locator``.</doc>
<msg timestamp="20240115 14:55:02.486" level="INFO">Typing text 'rpg' into text field 'xpath=//*[@id="netWorkId-inputEl"]'.</msg>
<status status="PASS" starttime="20240115 14:55:02.484" endtime="20240115 14:55:02.640"/>
</kw>
<status status="PASS" starttime="20240115 14:55:02.483" endtime="20240115 14:55:02.640"/>
</kw>
<kw name="Input Password" library="login_keywords">
<arg>${PASSWORD}</arg>
<kw name="Input Text" library="SeleniumLibrary">
<arg>xpath=//*[@id="passWord-inputEl"]</arg>
<arg>${password}</arg>
<doc>Types the given ``text`` into the text field identified by ``locator``.</doc>
<msg timestamp="20240115 14:55:02.641" level="INFO">Typing text 'rpg' into text field 'xpath=//*[@id="passWord-inputEl"]'.</msg>
<status status="PASS" starttime="20240115 14:55:02.641" endtime="20240115 14:55:02.714"/>
</kw>
<status status="PASS" starttime="20240115 14:55:02.641" endtime="20240115 14:55:02.714"/>
</kw>
<kw name="Click Login Button" library="login_keywords">
<kw name="Click Element" library="SeleniumLibrary">
<arg>xpath=//*[@id="sure-btnWrap"]</arg>
<doc>Click the element identified by ``locator``.</doc>
<msg timestamp="20240115 14:55:02.714" level="INFO">Clicking element 'xpath=//*[@id="sure-btnWrap"]'.</msg>
<status status="PASS" starttime="20240115 14:55:02.714" endtime="20240115 14:55:02.768"/>
</kw>
<status status="PASS" starttime="20240115 14:55:02.714" endtime="20240115 14:55:02.768"/>
</kw>
<kw name="Wait Until Page Contains" library="SeleniumLibrary">
<var>${LOGIN_SUCCESSFUL}</var>
<arg>账号:${USER_NAME_ALIAS}</arg>
<arg>timeout=10s</arg>
<doc>Waits until ``text`` appears on the current page.</doc>
<msg timestamp="20240115 14:55:05.368" level="INFO">${LOGIN_SUCCESSFUL} = None</msg>
<status status="PASS" starttime="20240115 14:55:02.768" endtime="20240115 14:55:05.368"/>
</kw>
<kw name="Log" library="BuiltIn">
<arg>Login successful: ${LOGIN_SUCCESSFUL}</arg>
<doc>Logs the given message with the given level.</doc>
<msg timestamp="20240115 14:55:05.368" level="INFO">Login successful: None</msg>
<status status="PASS" starttime="20240115 14:55:05.368" endtime="20240115 14:55:05.369"/>
</kw>
<kw name="Capture Page Screenshot" library="SeleniumLibrary">
<arg>login_test.png</arg>
<doc>Takes a screenshot of the current page and embeds it into a log file.</doc>
<msg timestamp="20240115 14:55:06.037" level="INFO" html="true">&lt;/td&gt;&lt;/tr&gt;&lt;tr&gt;&lt;td colspan="3"&gt;&lt;a href="login_test.png"&gt;&lt;img src="login_test.png" width="800px"&gt;&lt;/a&gt;</msg>
<status status="PASS" starttime="20240115 14:55:05.369" endtime="20240115 14:55:06.037"/>
</kw>
<status status="PASS" starttime="20240115 14:54:56.882" endtime="20240115 14:55:06.037"/>
</kw>
<status status="PASS" starttime="20240115 14:54:56.882" endtime="20240115 14:55:06.038"/>
</kw>
<kw name="Set Browser Implicit Wait" library="SeleniumLibrary">
<arg>10 seconds</arg>
<doc>Sets the implicit wait value used by Selenium.</doc>
<status status="PASS" starttime="20240115 14:55:06.038" endtime="20240115 14:55:06.041"/>
</kw>
<kw name="Input Quick Menu" library="production_reports_keywords">
<arg>${QUICK_MENU}</arg>
<kw name="Wait Until Page Contains Element" library="SeleniumLibrary">
<arg>${Quick_Search_Functionality}</arg>
<arg>timeout=10s</arg>
<doc>Waits until the element ``locator`` appears on the current page.</doc>
<status status="PASS" starttime="20240115 14:55:06.041" endtime="20240115 14:55:06.051"/>
</kw>
<kw name="Input Text" library="SeleniumLibrary">
<arg>${Quick_Search_Functionality}</arg>
<arg>${QUICK_MENU}</arg>
<doc>Types the given ``text`` into the text field identified by ``locator``.</doc>
<msg timestamp="20240115 14:55:06.051" level="INFO">Typing text '车间数据收集' into text field 'css:input.x-form-field.x-form-empty-field.x-form-text[placeholder='快速检索功能']'.</msg>
<status status="PASS" starttime="20240115 14:55:06.051" endtime="20240115 14:55:06.130"/>
</kw>
<status status="PASS" starttime="20240115 14:55:06.041" endtime="20240115 14:55:06.130"/>
</kw>
<kw name="Retrieve Production Reports" library="retrieve_production_reports">
<var>${task_reporting_records}</var>
<doc>获取服务端报工记录，生成转换文件
:return: 转换文件路径、记录数</doc>
<msg timestamp="20240115 14:55:06.469" level="INFO">/Users/changgeng.zhang/workspace/pay_trial/Robot_Data_Integration_Synchronization_Project/venv/lib/python3.12/site-packages/urllib3/connectionpool.py:1099: InsecureRequestWarning: Unverified HTTPS request is being made to host '127.0.0.1'. Adding certificate verification is strongly advised. See: https://urllib3.readthedocs.io/en/latest/advanced-usage.html#tls-warnings
  warnings.warn(</msg>
<msg timestamp="20240115 14:55:06.469" level="FAIL">TypeError: 'NoneType' object is not iterable</msg>
<status status="FAIL" starttime="20240115 14:55:06.131" endtime="20240115 14:55:06.469"/>
</kw>
<kw name="Get Length" library="BuiltIn">
<var>${record_length}</var>
<arg>${task_reporting_records}</arg>
<doc>Returns and logs the length of the given item as an integer.</doc>
<status status="NOT RUN" starttime="20240115 14:55:06.470" endtime="20240115 14:55:06.470"/>
</kw>
<kw name="Run Keyword If" library="BuiltIn">
<arg>${record_length} &lt;= 1</arg>
<arg>Fatal Error</arg>
<arg>无报工数据，流程结束。</arg>
<doc>Runs the given keyword with the given arguments, if ``condition`` is true.</doc>
<status status="NOT RUN" starttime="20240115 14:55:06.470" endtime="20240115 14:55:06.470"/>
</kw>
<kw name="Create List" library="BuiltIn">
<var>${sync_records}</var>
<doc>Returns a list containing given items.</doc>
<status status="NOT RUN" starttime="20240115 14:55:06.470" endtime="20240115 14:55:06.470"/>
</kw>
<for flavor="IN RANGE">
<var>${element}</var>
<value>1</value>
<value>${record_length}</value>
<iter>
<var name="${element}"/>
<kw name="Click Menu" library="production_reports_keywords">
<status status="NOT RUN" starttime="20240115 14:55:06.470" endtime="20240115 14:55:06.470"/>
</kw>
<kw name="Wait Until Element Is Visible" library="SeleniumLibrary">
<arg>${IFRAME_LOCATOR}</arg>
<arg>timeout=10s</arg>
<doc>Waits until the element ``locator`` is visible.</doc>
<status status="NOT RUN" starttime="20240115 14:55:06.470" endtime="20240115 14:55:06.470"/>
</kw>
<kw name="Select Frame" library="SeleniumLibrary">
<arg>${IFRAME_LOCATOR}</arg>
<doc>Sets frame identified by ``locator`` as the current frame.</doc>
<status status="NOT RUN" starttime="20240115 14:55:06.471" endtime="20240115 14:55:06.471"/>
</kw>
<kw name="Set Variable" library="BuiltIn">
<var>${record}</var>
<arg>${task_reporting_records[${element}]}</arg>
<doc>Returns the given values which can then be assigned to a variables.</doc>
<status status="NOT RUN" starttime="20240115 14:55:06.471" endtime="20240115 14:55:06.471"/>
</kw>
<kw name="Log" library="BuiltIn">
<arg>Array element at index ${element}: ${record}</arg>
<doc>Logs the given message with the given level.</doc>
<status status="NOT RUN" starttime="20240115 14:55:06.471" endtime="20240115 14:55:06.471"/>
</kw>
<kw name="Set Variable" library="BuiltIn">
<var>${box_order_code}</var>
<arg>${record[0]}</arg>
<doc>Returns the given values which can then be assigned to a variables.</doc>
<status status="NOT RUN" starttime="20240115 14:55:06.471" endtime="20240115 14:55:06.471"/>
</kw>
<kw name="Set Variable" library="BuiltIn">
<var>${erp_process_type}</var>
<arg>${record[16]}</arg>
<doc>Returns the given values which can then be assigned to a variables.</doc>
<status status="NOT RUN" starttime="20240115 14:55:06.471" endtime="20240115 14:55:06.471"/>
</kw>
<kw name="Set Variable" library="BuiltIn">
<var>${reporting_machine_tool}</var>
<arg>${record[17]}</arg>
<doc>Returns the given values which can then be assigned to a variables.</doc>
<status status="NOT RUN" starttime="20240115 14:55:06.471" endtime="20240115 14:55:06.471"/>
</kw>
<kw name="Set Variable" library="BuiltIn">
<var>${reporting_team}</var>
<arg>${record[7]}</arg>
<doc>Returns the given values which can then be assigned to a variables.</doc>
<status status="NOT RUN" starttime="20240115 14:55:06.471" endtime="20240115 14:55:06.471"/>
</kw>
<kw name="Set Variable" library="BuiltIn">
<var>${erp_scheduling_order_number}</var>
<arg>${record[12]}</arg>
<doc>Returns the given values which can then be assigned to a variables.</doc>
<status status="NOT RUN" starttime="20240115 14:55:06.471" endtime="20240115 14:55:06.471"/>
</kw>
<kw name="Set Variable" library="BuiltIn">
<var>${completed_quantity}</var>
<arg>${record[3]}</arg>
<doc>Returns the given values which can then be assigned to a variables.</doc>
<status status="NOT RUN" starttime="20240115 14:55:06.471" endtime="20240115 14:55:06.471"/>
</kw>
<kw name="Set Variable" library="BuiltIn">
<var>${defective_quantity}</var>
<arg>${record[4]}</arg>
<doc>Returns the given values which can then be assigned to a variables.</doc>
<status status="NOT RUN" starttime="20240115 14:55:06.472" endtime="20240115 14:55:06.472"/>
</kw>
<kw name="Set Variable" library="BuiltIn">
<var>${defect_description}</var>
<arg>${record[5]}</arg>
<doc>Returns the given values which can then be assigned to a variables.</doc>
<status status="NOT RUN" starttime="20240115 14:55:06.472" endtime="20240115 14:55:06.472"/>
</kw>
<kw name="Set Variable" library="BuiltIn">
<var>${operator_information}</var>
<arg>${record[6]}</arg>
<doc>Returns the given values which can then be assigned to a variables.</doc>
<status status="NOT RUN" starttime="20240115 14:55:06.472" endtime="20240115 14:55:06.472"/>
</kw>
<kw name="Set Variable" library="BuiltIn">
<var>${start_production_time}</var>
<arg>${record[15]}</arg>
<doc>Returns the given values which can then be assigned to a variables.</doc>
<status status="NOT RUN" starttime="20240115 14:55:06.472" endtime="20240115 14:55:06.472"/>
</kw>
<kw name="Set Variable" library="BuiltIn">
<var>${reporting_time}</var>
<arg>${record[8]}</arg>
<doc>Returns the given values which can then be assigned to a variables.</doc>
<status status="NOT RUN" starttime="20240115 14:55:06.472" endtime="20240115 14:55:06.472"/>
</kw>
<kw name="Set Variable" library="BuiltIn">
<var>${reporting_id}</var>
<arg>${record[11]}</arg>
<doc>Returns the given values which can then be assigned to a variables.</doc>
<status status="NOT RUN" starttime="20240115 14:55:06.472" endtime="20240115 14:55:06.472"/>
</kw>
<kw name="Run Keyword And Ignore Error" library="BuiltIn">
<var>${status}</var>
<var>${message}</var>
<arg>Production Reports Test</arg>
<arg>${box_order_code}</arg>
<arg>${erp_process_type}</arg>
<arg>${reporting_machine_tool}</arg>
<arg>${reporting_team}</arg>
<arg>${erp_scheduling_order_number}</arg>
<arg>${completed_quantity}</arg>
<arg>${defective_quantity}</arg>
<arg>${defect_description}</arg>
<arg>${operator_information}</arg>
<arg>${start_production_time}</arg>
<arg>${reporting_time}</arg>
<doc>Runs the given keyword with the given arguments and ignores possible error.</doc>
<status status="NOT RUN" starttime="20240115 14:55:06.472" endtime="20240115 14:55:06.472"/>
</kw>
<kw name="Set Variable If" library="BuiltIn">
<var>${sync_info}</var>
<arg>'${status}'=='FAIL'</arg>
<arg>[${reporting_id}, 回写失败, ${message}]</arg>
<arg>[${reporting_id}, 回写成功, 回写成功]</arg>
<doc>Sets variable based on the given condition.</doc>
<status status="NOT RUN" starttime="20240115 14:55:06.472" endtime="20240115 14:55:06.472"/>
</kw>
<kw name="Append To List" library="Collections">
<arg>${sync_records}</arg>
<arg>${sync_info}</arg>
<doc>Adds ``values`` to the end of ``list``.</doc>
<status status="NOT RUN" starttime="20240115 14:55:06.472" endtime="20240115 14:55:06.473"/>
</kw>
<kw name="Log" library="BuiltIn">
<arg>${sync_records}</arg>
<doc>Logs the given message with the given level.</doc>
<status status="NOT RUN" starttime="20240115 14:55:06.473" endtime="20240115 14:55:06.473"/>
</kw>
<kw name="Unselect Frame" library="SeleniumLibrary">
<doc>Sets the main frame as the current frame.</doc>
<status status="NOT RUN" starttime="20240115 14:55:06.473" endtime="20240115 14:55:06.473"/>
</kw>
<status status="NOT RUN" starttime="20240115 14:55:06.470" endtime="20240115 14:55:06.473"/>
</iter>
<status status="NOT RUN" starttime="20240115 14:55:06.470" endtime="20240115 14:55:06.473"/>
</for>
<kw name="Synchronize Operation Results Tuple" library="synchronize_operation_results">
<arg>${sync_records}</arg>
<doc>同步操作（RPA在ERP中报工）结果到服务端
:param sync_records: 报工同步结果
:return:</doc>
<status status="NOT RUN" starttime="20240115 14:55:06.473" endtime="20240115 14:55:06.473"/>
</kw>
<kw name="Close Browser" library="SeleniumLibrary">
<doc>Closes the current browser.</doc>
<status status="NOT RUN" starttime="20240115 14:55:06.473" endtime="20240115 14:55:06.473"/>
</kw>
<status status="FAIL" starttime="20240115 14:54:56.881" endtime="20240115 14:55:06.474">TypeError: 'NoneType' object is not iterable</status>
</test>
<status status="FAIL" starttime="20240115 14:54:56.063" endtime="20240115 14:55:06.474"/>
</suite>
<statistics>
<total>
<stat pass="0" fail="1" skip="0">All Tests</stat>
</total>
<tag>
</tag>
<suite>
<stat pass="0" fail="1" skip="0" id="s1" name="Test Production Reports">Test Production Reports</stat>
</suite>
</statistics>
<errors>
</errors>
</robot>
